<?xml version="1.0" encoding="UTF-8"?>
<testng-results ignored="0" total="1" passed="1" failed="0" skipped="0">
  <reporter-output>
  </reporter-output>
  <suite started-at="2025-01-27T14:30:29 IST" name="Default suite" finished-at="2025-01-27T14:32:02 IST" duration-ms="92840">
    <groups>
    </groups>
    <test started-at="2025-01-27T14:30:29 IST" name="Default test" finished-at="2025-01-27T14:32:02 IST" duration-ms="92840">
      <class name="Clarity_GetData.Clarity_MonthlyReport_withURL">
        <test-method signature="Clarity_GetDataFinal()[pri:0, instance:Clarity_GetData.Clarity_MonthlyReport_withURL@9cb8225]" started-at="2025-01-27T14:30:29 IST" name="Clarity_GetDataFinal" finished-at="2025-01-27T14:32:02 IST" duration-ms="92745" status="PASS">
          <reporter-output>
          </reporter-output>
        </test-method> <!-- Clarity_GetDataFinal -->
      </class> <!-- Clarity_GetData.Clarity_MonthlyReport_withURL -->
    </test> <!-- Default test -->
  </suite> <!-- Default suite -->
</testng-results>
